app/build/outputs/logs/manifest-merger-debug-report.txt
-- Merging decision tree log ---
manifest
ADDED from src\main\AndroidManifest.xml:2:1-62:12
	package
		ADDED from src\main\AndroidManifest.xml:3:2-30
		INJECTED from src\main\AndroidManifest.xml
		INJECTED from src\main\AndroidManifest.xml
	android:versionName
		ADDED from src\main\AndroidManifest.xml:5:2-27
		INJECTED from src\main\AndroidManifest.xml
		INJECTED from src\main\AndroidManifest.xml
	android:versionCode
		ADDED from src\main\AndroidManifest.xml:4:2-25
		INJECTED from src\main\AndroidManifest.xml
		INJECTED from src\main\AndroidManifest.xml
	xmlns:android
		ADDED from src\main\AndroidManifest.xml:2:11-69
uses-sdk
ADDED from src\main\AndroidManifest.xml:7:2-72
	android:targetSdkVersion
		ADDED from src\main\AndroidManifest.xml:7:39-68
		INJECTED from src\main\AndroidManifest.xml
		INJECTED from src\main\AndroidManifest.xml
	android:minSdkVersion
		ADDED from src\main\AndroidManifest.xml:7:12-37
		INJECTED from src\main\AndroidManifest.xml
		INJECTED from src\main\AndroidManifest.xml
uses-permission#android.permission.INTERNET
ADDED from src\main\AndroidManifest.xml:8:2-64
	android:name
		ADDED from src\main\AndroidManifest.xml:8:19-61
uses-permission#android.permission.ACCESS_NETWORK_STATE
ADDED from src\main\AndroidManifest.xml:9:5-79
	android:name
		ADDED from src\main\AndroidManifest.xml:9:22-76
application
ADDED from src\main\AndroidManifest.xml:12:2-60:16
	android:label
		ADDED from src\main\AndroidManifest.xml:14:3-35
	android:icon
		ADDED from src\main\AndroidManifest.xml:13:3-32
activity#com.google.ads.AdActivity
ADDED from src\main\AndroidManifest.xml:15:4-17:127
	android:configChanges
		ADDED from src\main\AndroidManifest.xml:17:14-123
	android:name
		ADDED from src\main\AndroidManifest.xml:16:13-53
activity#elearning.app.java.Splash
ADDED from src\main\AndroidManifest.xml:18:3-25:14
	android:label
		ADDED from src\main\AndroidManifest.xml:19:4-36
	android:configChanges
		ADDED from src\main\AndroidManifest.xml:20:46-96
	android:name
		ADDED from src\main\AndroidManifest.xml:20:4-44
intent-filter#android.intent.action.MAIN+android.intent.category.LAUNCHER
ADDED from src\main\AndroidManifest.xml:21:4-24:20
action#android.intent.action.MAIN
ADDED from src\main\AndroidManifest.xml:22:5-57
	android:name
		ADDED from src\main\AndroidManifest.xml:22:13-54
category#android.intent.category.LAUNCHER
ADDED from src\main\AndroidManifest.xml:23:5-65
	android:name
		ADDED from src\main\AndroidManifest.xml:23:15-62
activity#elearning.app.java.E_Learning_AppActivity
ADDED from src\main\AndroidManifest.xml:26:3-34:14
	android:label
		ADDED from src\main\AndroidManifest.xml:27:4-36
	android:configChanges
		ADDED from src\main\AndroidManifest.xml:28:62-112
	android:name
		ADDED from src\main\AndroidManifest.xml:28:4-60
intent-filter#android.intent.action.MAIN+android.intent.category.DEFAULT
ADDED from src\main\AndroidManifest.xml:29:4-33:20
category#android.intent.category.DEFAULT
ADDED from src\main\AndroidManifest.xml:32:5-64
	android:name
		ADDED from src\main\AndroidManifest.xml:32:15-61
activity#elearning.app.java.Homepage_Activity
ADDED from src\main\AndroidManifest.xml:35:4-43:14
	android:label
		ADDED from src\main\AndroidManifest.xml:36:4-36
	android:configChanges
		ADDED from src\main\AndroidManifest.xml:37:56-106
	android:name
		ADDED from src\main\AndroidManifest.xml:37:4-55
activity#elearning.app.java.AnsActivity
ADDED from src\main\AndroidManifest.xml:46:3-49:14
	android:label
		ADDED from src\main\AndroidManifest.xml:47:4-36
	android:configChanges
		ADDED from src\main\AndroidManifest.xml:48:50-100
	android:name
		ADDED from src\main\AndroidManifest.xml:48:4-49
activity#elearning.app.java.Quiz_Activity
ADDED from src\main\AndroidManifest.xml:51:3-59:14
	android:label
		ADDED from src\main\AndroidManifest.xml:52:4-36
	android:configChanges
		ADDED from src\main\AndroidManifest.xml:53:52-102
	android:name
		ADDED from src\main\AndroidManifest.xml:53:4-51